<?xml version="1.0" encoding="UTF-8"?>
<!-- Generated by org.testng.reporters.JUnitReportReporter -->
<testsuite hostname="jh-PC" name="com.lili.quartz.QuertzTest" tests="1" failures="0" timestamp="24 Mar 2016 05:32:50 GMT" time="120.018" errors="0">
  <testcase name="test" time="120.018" classname="com.lili.quartz.QuertzTest"/>
</testsuite> <!-- com.lili.quartz.QuertzTest -->
